2023-08-29T23:12:06.880+03:00  INFO 12072 --- [main] com.psycho.backend.BackendApplication    : Starting BackendApplication using Java 19.0.2 with PID 12072 (C:\Users\New\Desktop\todo-application\backend\build\classes\java\main started by New in C:\Users\New\Desktop\todo-application\backend)
2023-08-29T23:12:06.881+03:00  INFO 12072 --- [main] com.psycho.backend.BackendApplication    : No active profile set, falling back to 1 default profile: "default"
2023-08-29T23:12:07.397+03:00  INFO 12072 --- [main] .s.d.r.c.RepositoryConfigurationDelegate : Bootstrapping Spring Data JPA repositories in DEFAULT mode.
2023-08-29T23:12:07.447+03:00  INFO 12072 --- [main] .s.d.r.c.RepositoryConfigurationDelegate : Finished Spring Data repository scanning in 44 ms. Found 1 JPA repository interfaces.
2023-08-29T23:12:07.925+03:00  INFO 12072 --- [main] o.s.b.w.embedded.tomcat.TomcatWebServer  : Tomcat initialized with port(s): 8080 (http)
2023-08-29T23:12:07.934+03:00  INFO 12072 --- [main] o.apache.catalina.core.StandardService   : Starting service [Tomcat]
2023-08-29T23:12:07.934+03:00  INFO 12072 --- [main] o.apache.catalina.core.StandardEngine    : Starting Servlet engine: [Apache Tomcat/10.1.12]
2023-08-29T23:12:08.001+03:00  INFO 12072 --- [main] o.a.c.c.C.[Tomcat].[localhost].[/]       : Initializing Spring embedded WebApplicationContext
2023-08-29T23:12:08.002+03:00  INFO 12072 --- [main] w.s.c.ServletWebServerApplicationContext : Root WebApplicationContext: initialization completed in 1085 ms
2023-08-29T23:12:08.124+03:00  INFO 12072 --- [main] com.zaxxer.hikari.HikariDataSource       : HikariPool-1 - Starting...
2023-08-29T23:12:08.248+03:00  INFO 12072 --- [main] com.zaxxer.hikari.pool.HikariPool        : HikariPool-1 - Added connection org.postgresql.jdbc.PgConnection@76a7fcbd
2023-08-29T23:12:08.249+03:00  INFO 12072 --- [main] com.zaxxer.hikari.HikariDataSource       : HikariPool-1 - Start completed.
2023-08-29T23:12:08.288+03:00  INFO 12072 --- [main] o.hibernate.jpa.internal.util.LogHelper  : HHH000204: Processing PersistenceUnitInfo [name: default]
2023-08-29T23:12:08.327+03:00  INFO 12072 --- [main] org.hibernate.Version                    : HHH000412: Hibernate ORM core version 6.2.7.Final
2023-08-29T23:12:08.329+03:00  INFO 12072 --- [main] org.hibernate.cfg.Environment            : HHH000406: Using bytecode reflection optimizer
2023-08-29T23:12:08.444+03:00  INFO 12072 --- [main] o.h.b.i.BytecodeProviderInitiator        : HHH000021: Bytecode provider name : bytebuddy
2023-08-29T23:12:08.557+03:00  INFO 12072 --- [main] o.s.o.j.p.SpringPersistenceUnitInfo      : No LoadTimeWeaver setup: ignoring JPA class transformer
2023-08-29T23:12:08.776+03:00  INFO 12072 --- [main] o.h.b.i.BytecodeProviderInitiator        : HHH000021: Bytecode provider name : bytebuddy
2023-08-29T23:12:09.315+03:00  INFO 12072 --- [main] o.h.e.t.j.p.i.JtaPlatformInitiator       : HHH000490: Using JtaPlatform implementation: [org.hibernate.engine.transaction.jta.platform.internal.NoJtaPlatform]
2023-08-29T23:12:09.318+03:00  INFO 12072 --- [main] j.LocalContainerEntityManagerFactoryBean : Initialized JPA EntityManagerFactory for persistence unit 'default'
2023-08-29T23:12:09.620+03:00  WARN 12072 --- [main] JpaBaseConfiguration$JpaWebConfiguration : spring.jpa.open-in-view is enabled by default. Therefore, database queries may be performed during view rendering. Explicitly configure spring.jpa.open-in-view to disable this warning
2023-08-29T23:12:09.903+03:00  INFO 12072 --- [main] o.s.s.web.DefaultSecurityFilterChain     : Will secure any request with [org.springframework.security.web.session.DisableEncodeUrlFilter@3724ab90, org.springframework.security.web.context.request.async.WebAsyncManagerIntegrationFilter@40ef1934, org.springframework.security.web.context.SecurityContextHolderFilter@22a2e581, org.springframework.security.web.header.HeaderWriterFilter@765eb801, org.springframework.security.web.authentication.logout.LogoutFilter@4560eb15, com.psycho.backend.web.security.JwtTokenFilter@291522f1, org.springframework.security.web.savedrequest.RequestCacheAwareFilter@2dc319cf, org.springframework.security.web.servletapi.SecurityContextHolderAwareRequestFilter@1690929, org.springframework.security.web.session.SessionManagementFilter@6cd65042, org.springframework.security.web.access.ExceptionTranslationFilter@70ab1ce0, org.springframework.security.web.access.intercept.AuthorizationFilter@5fe4848]
2023-08-29T23:12:10.116+03:00  INFO 12072 --- [main] o.s.b.w.embedded.tomcat.TomcatWebServer  : Tomcat started on port(s): 8080 (http) with context path ''
2023-08-29T23:12:10.123+03:00  INFO 12072 --- [main] com.psycho.backend.BackendApplication    : Started BackendApplication in 3.624 seconds (process running for 4.055)
2023-08-29T23:12:16.650+03:00  INFO 12072 --- [SpringApplicationShutdownHook] j.LocalContainerEntityManagerFactoryBean : Closing JPA EntityManagerFactory for persistence unit 'default'
2023-08-29T23:12:16.651+03:00  INFO 12072 --- [SpringApplicationShutdownHook] com.zaxxer.hikari.HikariDataSource       : HikariPool-1 - Shutdown initiated...
2023-08-29T23:12:16.655+03:00  INFO 12072 --- [SpringApplicationShutdownHook] com.zaxxer.hikari.HikariDataSource       : HikariPool-1 - Shutdown completed.
